/usr/local/lib/python3.7/dist-packages/supervisor/options.py:474: UserWarning: Supervisord is running as root and it is searching for its configuration file in default locations (including its current working directory); you probably want to specify a "-c" argument specifying an absolute path to a configuration file for improved security.
  'Supervisord is running as root and it is searching '
2022-05-17 09:28:16,013 INFO Included extra file "/etc/supervisor/conf.d/arp_update.conf" during parsing
2022-05-17 09:28:16,017 INFO Included extra file "/etc/supervisor/conf.d/ndppd.conf" during parsing
2022-05-17 09:28:16,018 INFO Included extra file "/etc/supervisor/conf.d/supervisord.conf" during parsing
2022-05-17 09:28:16,018 INFO Set uid to user 0 succeeded
2022-05-17 09:28:16,030 INFO RPC interface 'supervisor' initialized
2022-05-17 09:28:16,034 CRIT Server 'unix_http_server' running without any HTTP authentication checking
2022-05-17 09:28:16,035 INFO supervisord started with pid 1
2022-05-17 09:28:17,039 INFO spawned: 'dependent-startup' with pid 29
2022-05-17 09:28:17,045 INFO spawned: 'supervisor-proc-exit-listener' with pid 30
2022-05-17 09:28:18,096 INFO success: dependent-startup entered RUNNING state, process has stayed up for > than 1 seconds (startsecs)
2022-05-17 09:28:18,096 INFO success: supervisor-proc-exit-listener entered RUNNING state, process has stayed up for > than 1 seconds (startsecs)
2022-05-17 09:28:18,602 INFO spawned: 'rsyslogd' with pid 33
2022-05-17 09:28:19,605 INFO success: rsyslogd entered RUNNING state, process has stayed up for > than 1 seconds (startsecs)
2022-05-17 09:28:20,103 INFO spawned: 'gearsyncd' with pid 37
2022-05-17 09:28:20,109 INFO success: gearsyncd entered RUNNING state, process has stayed up for > than 0 seconds (startsecs)
2022-05-17 09:28:20,146 INFO spawned: 'portsyncd' with pid 38
2022-05-17 09:28:20,248 INFO exited: gearsyncd (exit status 0; expected)
2022-05-17 09:28:20,542 INFO spawned: 'gearsyncd' with pid 45
2022-05-17 09:28:20,544 INFO success: gearsyncd entered RUNNING state, process has stayed up for > than 0 seconds (startsecs)
2022-05-17 09:28:21,145 INFO success: portsyncd entered RUNNING state, process has stayed up for > than 1 seconds (startsecs)
2022-05-17 09:28:21,658 INFO exited: gearsyncd (exit status 0; expected)
2022-05-17 09:28:22,283 INFO spawned: 'orchagent' with pid 47
2022-05-17 09:28:23,982 INFO success: orchagent entered RUNNING state, process has stayed up for > than 1 seconds (startsecs)
2022-05-17 09:28:25,151 INFO spawned: 'swssconfig' with pid 68
2022-05-17 09:28:25,153 INFO success: swssconfig entered RUNNING state, process has stayed up for > than 0 seconds (startsecs)
2022-05-17 09:28:25,178 INFO spawned: 'coppmgrd' with pid 69
2022-05-17 09:28:25,180 INFO success: coppmgrd entered RUNNING state, process has stayed up for > than 0 seconds (startsecs)
2022-05-17 09:28:30,149 INFO exited: swssconfig (exit status 0; expected)
2022-05-17 09:28:31,321 INFO spawned: 'restore_neighbors' with pid 84
2022-05-17 09:28:31,323 INFO success: restore_neighbors entered RUNNING state, process has stayed up for > than 0 seconds (startsecs)
2022-05-17 09:28:31,336 INFO spawned: 'arp_update' with pid 85
2022-05-17 09:28:31,350 INFO spawned: 'neighsyncd' with pid 86
2022-05-17 09:28:31,360 INFO spawned: 'fdbmgrd' with pid 87
2022-05-17 09:28:31,373 INFO spawned: 'vlanmgrd' with pid 88
2022-05-17 09:28:31,386 INFO spawned: 'intfmgrd' with pid 90
2022-05-17 09:28:31,400 INFO spawned: 'portmgrd' with pid 93
2022-05-17 09:28:31,427 INFO spawned: 'buffermgrd' with pid 95
2022-05-17 09:28:31,461 INFO spawned: 'enable_counters' with pid 97
2022-05-17 09:28:31,477 INFO spawned: 'vrfmgrd' with pid 100
2022-05-17 09:28:31,535 INFO spawned: 'nbrmgrd' with pid 108
2022-05-17 09:28:31,569 INFO spawned: 'vxlanmgrd' with pid 114
2022-05-17 09:28:31,602 INFO spawned: 'fdbsyncd' with pid 121
2022-05-17 09:28:31,642 INFO spawned: 'tunnelmgrd' with pid 132
2022-05-17 09:28:32,337 INFO success: arp_update entered RUNNING state, process has stayed up for > than 1 seconds (startsecs)
2022-05-17 09:28:32,348 INFO success: neighsyncd entered RUNNING state, process has stayed up for > than 1 seconds (startsecs)
2022-05-17 09:28:32,360 INFO success: fdbmgrd entered RUNNING state, process has stayed up for > than 1 seconds (startsecs)
2022-05-17 09:28:32,370 INFO success: vlanmgrd entered RUNNING state, process has stayed up for > than 1 seconds (startsecs)
2022-05-17 09:28:32,385 INFO success: intfmgrd entered RUNNING state, process has stayed up for > than 1 seconds (startsecs)
2022-05-17 09:28:32,397 INFO success: portmgrd entered RUNNING state, process has stayed up for > than 1 seconds (startsecs)
2022-05-17 09:28:32,424 INFO success: buffermgrd entered RUNNING state, process has stayed up for > than 1 seconds (startsecs)
2022-05-17 09:28:32,449 INFO success: enable_counters entered RUNNING state, process has stayed up for > than 1 seconds (startsecs)
2022-05-17 09:28:32,475 INFO success: vrfmgrd entered RUNNING state, process has stayed up for > than 1 seconds (startsecs)
2022-05-17 09:28:32,526 INFO success: nbrmgrd entered RUNNING state, process has stayed up for > than 1 seconds (startsecs)
2022-05-17 09:28:32,566 INFO success: vxlanmgrd entered RUNNING state, process has stayed up for > than 1 seconds (startsecs)
2022-05-17 09:28:32,593 INFO success: fdbsyncd entered RUNNING state, process has stayed up for > than 1 seconds (startsecs)
2022-05-17 09:28:32,639 INFO success: tunnelmgrd entered RUNNING state, process has stayed up for > than 1 seconds (startsecs)
2022-05-17 09:28:33,016 INFO exited: restore_neighbors (exit status 0; expected)
2022-05-17 09:28:34,221 INFO spawned: 'ndppd' with pid 184
2022-05-17 09:28:35,219 INFO success: ndppd entered RUNNING state, process has stayed up for > than 1 seconds (startsecs)
2022-05-17 09:28:36,913 INFO exited: dependent-startup (exit status 0; expected)
2022-05-17 09:31:32,092 INFO exited: enable_counters (exit status 0; expected)
2022-05-17 12:33:19,947 WARN received SIGTERM indicating exit request
2022-05-17 12:33:19,948 INFO waiting for supervisor-proc-exit-listener, rsyslogd, portsyncd, orchagent, coppmgrd, arp_update, ndppd, neighsyncd, fdbmgrd, vlanmgrd, intfmgrd, portmgrd, buffermgrd, vrfmgrd, nbrmgrd, vxlanmgrd, fdbsyncd, tunnelmgrd to die
2022-05-17 12:33:19,950 INFO stopped: tunnelmgrd (terminated by SIGTERM)
2022-05-17 12:33:19,954 INFO stopped: fdbsyncd (terminated by SIGTERM)
2022-05-17 12:33:19,957 INFO stopped: vxlanmgrd (terminated by SIGTERM)
2022-05-17 12:33:19,961 INFO stopped: nbrmgrd (terminated by SIGTERM)
2022-05-17 12:33:19,964 INFO stopped: vrfmgrd (terminated by SIGTERM)
2022-05-17 12:33:20,968 INFO stopped: buffermgrd (terminated by SIGTERM)
2022-05-17 12:33:20,970 INFO stopped: portmgrd (terminated by SIGTERM)
2022-05-17 12:33:20,973 INFO stopped: intfmgrd (terminated by SIGTERM)
2022-05-17 12:33:20,975 INFO stopped: vlanmgrd (terminated by SIGTERM)
2022-05-17 12:33:20,977 INFO stopped: fdbmgrd (terminated by SIGTERM)
2022-05-17 12:33:20,979 INFO stopped: neighsyncd (terminated by SIGTERM)
2022-05-17 12:33:20,981 INFO stopped: ndppd (exit status 0)
2022-05-17 12:33:21,984 INFO stopped: arp_update (terminated by SIGTERM)
2022-05-17 12:33:21,988 INFO stopped: coppmgrd (terminated by SIGTERM)
2022-05-17 12:33:22,991 INFO waiting for supervisor-proc-exit-listener, rsyslogd, portsyncd, orchagent to die
2022-05-17 12:33:22,998 INFO stopped: orchagent (terminated by SIGTERM)
2022-05-17 12:33:23,000 INFO stopped: portsyncd (terminated by SIGTERM)
2022-05-17 12:33:24,021 INFO stopped: rsyslogd (exit status 0)
2022-05-17 12:33:24,026 INFO stopped: supervisor-proc-exit-listener (terminated by SIGTERM)
/usr/local/lib/python3.7/dist-packages/supervisor/options.py:474: UserWarning: Supervisord is running as root and it is searching for its configuration file in default locations (including its current working directory); you probably want to specify a "-c" argument specifying an absolute path to a configuration file for improved security.
  'Supervisord is running as root and it is searching '
2022-05-17 12:34:31,394 INFO Included extra file "/etc/supervisor/conf.d/arp_update.conf" during parsing
2022-05-17 12:34:31,394 INFO Included extra file "/etc/supervisor/conf.d/ndppd.conf" during parsing
2022-05-17 12:34:31,394 INFO Included extra file "/etc/supervisor/conf.d/supervisord.conf" during parsing
2022-05-17 12:34:31,394 INFO Set uid to user 0 succeeded
2022-05-17 12:34:31,407 INFO RPC interface 'supervisor' initialized
2022-05-17 12:34:31,411 CRIT Server 'unix_http_server' running without any HTTP authentication checking
2022-05-17 12:34:31,412 INFO supervisord started with pid 1
2022-05-17 12:34:32,424 INFO spawned: 'dependent-startup' with pid 28
2022-05-17 12:34:32,428 INFO spawned: 'supervisor-proc-exit-listener' with pid 29
2022-05-17 12:34:33,482 INFO success: dependent-startup entered RUNNING state, process has stayed up for > than 1 seconds (startsecs)
2022-05-17 12:34:33,482 INFO success: supervisor-proc-exit-listener entered RUNNING state, process has stayed up for > than 1 seconds (startsecs)
2022-05-17 12:34:33,803 INFO spawned: 'rsyslogd' with pid 32
2022-05-17 12:34:34,822 INFO success: rsyslogd entered RUNNING state, process has stayed up for > than 1 seconds (startsecs)
2022-05-17 12:34:35,173 INFO spawned: 'gearsyncd' with pid 36
2022-05-17 12:34:35,174 INFO success: gearsyncd entered RUNNING state, process has stayed up for > than 0 seconds (startsecs)
2022-05-17 12:34:35,194 INFO spawned: 'portsyncd' with pid 37
2022-05-17 12:34:35,271 INFO exited: gearsyncd (exit status 0; expected)
2022-05-17 12:34:37,094 INFO success: portsyncd entered RUNNING state, process has stayed up for > than 1 seconds (startsecs)
2022-05-17 12:34:38,283 INFO spawned: 'orchagent' with pid 44
2022-05-17 12:34:39,620 INFO success: orchagent entered RUNNING state, process has stayed up for > than 1 seconds (startsecs)
2022-05-17 12:34:40,806 INFO spawned: 'swssconfig' with pid 65
2022-05-17 12:34:40,808 INFO success: swssconfig entered RUNNING state, process has stayed up for > than 0 seconds (startsecs)
2022-05-17 12:34:40,821 INFO spawned: 'coppmgrd' with pid 66
2022-05-17 12:34:40,823 INFO success: coppmgrd entered RUNNING state, process has stayed up for > than 0 seconds (startsecs)
2022-05-17 12:34:45,399 INFO exited: swssconfig (exit status 0; expected)
2022-05-17 12:34:46,524 INFO spawned: 'restore_neighbors' with pid 81
2022-05-17 12:34:46,525 INFO success: restore_neighbors entered RUNNING state, process has stayed up for > than 0 seconds (startsecs)
2022-05-17 12:34:46,537 INFO spawned: 'arp_update' with pid 82
2022-05-17 12:34:46,553 INFO spawned: 'neighsyncd' with pid 83
2022-05-17 12:34:46,586 INFO spawned: 'fdbmgrd' with pid 84
2022-05-17 12:34:46,598 INFO spawned: 'vlanmgrd' with pid 85
2022-05-17 12:34:46,626 INFO spawned: 'intfmgrd' with pid 88
2022-05-17 12:34:46,640 INFO spawned: 'portmgrd' with pid 90
2022-05-17 12:34:46,677 INFO spawned: 'buffermgrd' with pid 92
2022-05-17 12:34:46,723 INFO spawned: 'enable_counters' with pid 93
2022-05-17 12:34:46,760 INFO spawned: 'vrfmgrd' with pid 96
2022-05-17 12:34:46,811 INFO spawned: 'nbrmgrd' with pid 105
2022-05-17 12:34:46,888 INFO spawned: 'vxlanmgrd' with pid 112
2022-05-17 12:34:46,941 INFO spawned: 'fdbsyncd' with pid 117
2022-05-17 12:34:46,992 INFO spawned: 'tunnelmgrd' with pid 125
2022-05-17 12:34:47,536 INFO success: arp_update entered RUNNING state, process has stayed up for > than 1 seconds (startsecs)
2022-05-17 12:34:47,550 INFO success: neighsyncd entered RUNNING state, process has stayed up for > than 1 seconds (startsecs)
2022-05-17 12:34:47,586 INFO success: fdbmgrd entered RUNNING state, process has stayed up for > than 1 seconds (startsecs)
2022-05-17 12:34:47,596 INFO success: vlanmgrd entered RUNNING state, process has stayed up for > than 1 seconds (startsecs)
2022-05-17 12:34:47,622 INFO success: intfmgrd entered RUNNING state, process has stayed up for > than 1 seconds (startsecs)
2022-05-17 12:34:47,638 INFO success: portmgrd entered RUNNING state, process has stayed up for > than 1 seconds (startsecs)
2022-05-17 12:34:47,677 INFO success: buffermgrd entered RUNNING state, process has stayed up for > than 1 seconds (startsecs)
2022-05-17 12:34:47,722 INFO success: enable_counters entered RUNNING state, process has stayed up for > than 1 seconds (startsecs)
2022-05-17 12:34:47,759 INFO success: vrfmgrd entered RUNNING state, process has stayed up for > than 1 seconds (startsecs)
2022-05-17 12:34:47,809 INFO success: nbrmgrd entered RUNNING state, process has stayed up for > than 1 seconds (startsecs)
2022-05-17 12:34:47,887 INFO success: vxlanmgrd entered RUNNING state, process has stayed up for > than 1 seconds (startsecs)
2022-05-17 12:34:47,935 INFO success: fdbsyncd entered RUNNING state, process has stayed up for > than 1 seconds (startsecs)
2022-05-17 12:34:47,989 INFO success: tunnelmgrd entered RUNNING state, process has stayed up for > than 1 seconds (startsecs)
2022-05-17 12:34:48,593 INFO exited: restore_neighbors (exit status 0; expected)
2022-05-17 12:34:49,632 INFO spawned: 'ndppd' with pid 181
2022-05-17 12:34:50,639 INFO success: ndppd entered RUNNING state, process has stayed up for > than 1 seconds (startsecs)
2022-05-17 12:34:52,234 INFO exited: dependent-startup (exit status 0; expected)
2022-05-17 12:37:47,394 INFO exited: enable_counters (exit status 0; expected)
/usr/local/lib/python3.7/dist-packages/supervisor/options.py:474: UserWarning: Supervisord is running as root and it is searching for its configuration file in default locations (including its current working directory); you probably want to specify a "-c" argument specifying an absolute path to a configuration file for improved security.
  'Supervisord is running as root and it is searching '
2022-05-30 08:29:40,278 INFO Included extra file "/etc/supervisor/conf.d/arp_update.conf" during parsing
2022-05-30 08:29:40,279 INFO Included extra file "/etc/supervisor/conf.d/ndppd.conf" during parsing
2022-05-30 08:29:40,279 INFO Included extra file "/etc/supervisor/conf.d/supervisord.conf" during parsing
2022-05-30 08:29:40,279 INFO Set uid to user 0 succeeded
Unlinking stale socket /var/run/supervisor.sock
2022-05-30 08:29:40,601 INFO RPC interface 'supervisor' initialized
2022-05-30 08:29:40,613 CRIT Server 'unix_http_server' running without any HTTP authentication checking
2022-05-30 08:29:40,615 INFO supervisord started with pid 1
2022-05-30 08:29:41,620 INFO spawned: 'dependent-startup' with pid 27
2022-05-30 08:29:41,624 INFO spawned: 'supervisor-proc-exit-listener' with pid 28
2022-05-30 08:29:42,842 INFO success: dependent-startup entered RUNNING state, process has stayed up for > than 1 seconds (startsecs)
2022-05-30 08:29:42,842 INFO success: supervisor-proc-exit-listener entered RUNNING state, process has stayed up for > than 1 seconds (startsecs)
2022-05-30 08:29:43,307 INFO spawned: 'rsyslogd' with pid 31
2022-05-30 08:29:44,939 INFO success: rsyslogd entered RUNNING state, process has stayed up for > than 1 seconds (startsecs)
2022-05-30 08:29:46,144 INFO spawned: 'gearsyncd' with pid 35
2022-05-30 08:29:46,146 INFO success: gearsyncd entered RUNNING state, process has stayed up for > than 0 seconds (startsecs)
2022-05-30 08:29:46,161 INFO spawned: 'portsyncd' with pid 36
2022-05-30 08:29:47,230 INFO success: portsyncd entered RUNNING state, process has stayed up for > than 1 seconds (startsecs)
2022-05-30 08:29:47,231 INFO exited: gearsyncd (exit status 0; expected)
2022-05-30 08:29:48,332 INFO spawned: 'orchagent' with pid 43
2022-05-30 08:29:49,633 INFO success: orchagent entered RUNNING state, process has stayed up for > than 1 seconds (startsecs)
2022-05-30 08:29:50,732 INFO spawned: 'swssconfig' with pid 64
2022-05-30 08:29:50,733 INFO success: swssconfig entered RUNNING state, process has stayed up for > than 0 seconds (startsecs)
2022-05-30 08:29:50,743 INFO spawned: 'coppmgrd' with pid 65
2022-05-30 08:29:50,744 INFO success: coppmgrd entered RUNNING state, process has stayed up for > than 0 seconds (startsecs)
2022-05-30 08:29:55,450 INFO exited: swssconfig (exit status 0; expected)
2022-05-30 08:29:56,566 INFO spawned: 'restore_neighbors' with pid 80
2022-05-30 08:29:56,568 INFO success: restore_neighbors entered RUNNING state, process has stayed up for > than 0 seconds (startsecs)
2022-05-30 08:29:56,579 INFO spawned: 'arp_update' with pid 81
2022-05-30 08:29:56,592 INFO spawned: 'neighsyncd' with pid 82
2022-05-30 08:29:56,606 INFO spawned: 'fdbmgrd' with pid 84
2022-05-30 08:29:56,619 INFO spawned: 'vlanmgrd' with pid 86
2022-05-30 08:29:56,633 INFO spawned: 'intfmgrd' with pid 88
2022-05-30 08:29:56,671 INFO spawned: 'portmgrd' with pid 90
2022-05-30 08:29:56,695 INFO spawned: 'buffermgrd' with pid 91
2022-05-30 08:29:56,729 INFO spawned: 'enable_counters' with pid 95
2022-05-30 08:29:56,775 INFO spawned: 'vrfmgrd' with pid 103
2022-05-30 08:29:56,860 INFO spawned: 'nbrmgrd' with pid 112
2022-05-30 08:29:56,963 INFO spawned: 'vxlanmgrd' with pid 129
2022-05-30 08:29:56,980 INFO spawned: 'fdbsyncd' with pid 136
2022-05-30 08:29:57,024 INFO spawned: 'tunnelmgrd' with pid 138
2022-05-30 08:29:57,578 INFO success: arp_update entered RUNNING state, process has stayed up for > than 1 seconds (startsecs)
2022-05-30 08:29:57,593 INFO success: neighsyncd entered RUNNING state, process has stayed up for > than 1 seconds (startsecs)
2022-05-30 08:29:57,607 INFO success: fdbmgrd entered RUNNING state, process has stayed up for > than 1 seconds (startsecs)
2022-05-30 08:29:57,618 INFO success: vlanmgrd entered RUNNING state, process has stayed up for > than 1 seconds (startsecs)
2022-05-30 08:29:57,633 INFO success: intfmgrd entered RUNNING state, process has stayed up for > than 1 seconds (startsecs)
2022-05-30 08:29:57,671 INFO success: portmgrd entered RUNNING state, process has stayed up for > than 1 seconds (startsecs)
2022-05-30 08:29:57,694 INFO success: buffermgrd entered RUNNING state, process has stayed up for > than 1 seconds (startsecs)
2022-05-30 08:29:57,728 INFO success: enable_counters entered RUNNING state, process has stayed up for > than 1 seconds (startsecs)
2022-05-30 08:29:57,767 INFO success: vrfmgrd entered RUNNING state, process has stayed up for > than 1 seconds (startsecs)
2022-05-30 08:29:57,836 INFO success: nbrmgrd entered RUNNING state, process has stayed up for > than 1 seconds (startsecs)
2022-05-30 08:29:57,961 INFO success: vxlanmgrd entered RUNNING state, process has stayed up for > than 1 seconds (startsecs)
2022-05-30 08:29:57,979 INFO success: fdbsyncd entered RUNNING state, process has stayed up for > than 1 seconds (startsecs)
2022-05-30 08:29:58,023 INFO success: tunnelmgrd entered RUNNING state, process has stayed up for > than 1 seconds (startsecs)
2022-05-30 08:29:58,323 INFO exited: restore_neighbors (exit status 0; expected)
2022-05-30 08:29:59,921 INFO spawned: 'ndppd' with pid 180
2022-05-30 08:30:00,920 INFO success: ndppd entered RUNNING state, process has stayed up for > than 1 seconds (startsecs)
2022-05-30 08:30:02,654 INFO exited: dependent-startup (exit status 0; expected)
2022-05-30 08:32:57,439 INFO exited: enable_counters (exit status 0; expected)
2022-06-01 05:22:40,216 WARN received SIGTERM indicating exit request
2022-06-01 05:22:40,217 INFO waiting for supervisor-proc-exit-listener, rsyslogd, portsyncd, orchagent, coppmgrd, arp_update, ndppd, neighsyncd, fdbmgrd, vlanmgrd, intfmgrd, portmgrd, buffermgrd, vrfmgrd, nbrmgrd, vxlanmgrd, fdbsyncd, tunnelmgrd to die
2022-06-01 05:22:40,219 INFO stopped: tunnelmgrd (terminated by SIGTERM)
2022-06-01 05:22:40,221 INFO stopped: fdbsyncd (terminated by SIGTERM)
2022-06-01 05:22:40,225 INFO stopped: vxlanmgrd (terminated by SIGTERM)
2022-06-01 05:22:40,228 INFO stopped: nbrmgrd (terminated by SIGTERM)
2022-06-01 05:22:40,231 INFO stopped: vrfmgrd (terminated by SIGTERM)
2022-06-01 05:22:41,236 INFO stopped: buffermgrd (terminated by SIGTERM)
2022-06-01 05:22:41,239 INFO stopped: portmgrd (terminated by SIGTERM)
2022-06-01 05:22:41,242 INFO stopped: intfmgrd (terminated by SIGTERM)
2022-06-01 05:22:41,245 INFO stopped: vlanmgrd (terminated by SIGTERM)
2022-06-01 05:22:41,248 INFO stopped: fdbmgrd (terminated by SIGTERM)
2022-06-01 05:22:41,251 INFO stopped: neighsyncd (terminated by SIGTERM)
2022-06-01 05:22:41,254 INFO stopped: ndppd (exit status 0)
2022-06-01 05:22:41,255 INFO stopped: arp_update (terminated by SIGTERM)
2022-06-01 05:22:41,259 INFO stopped: coppmgrd (terminated by SIGTERM)
2022-06-01 05:22:42,266 INFO stopped: orchagent (terminated by SIGTERM)
2022-06-01 05:22:42,268 INFO stopped: portsyncd (terminated by SIGTERM)
2022-06-01 05:22:43,270 INFO waiting for supervisor-proc-exit-listener, rsyslogd to die
2022-06-01 05:22:43,281 INFO stopped: rsyslogd (exit status 0)
2022-06-01 05:22:43,285 INFO stopped: supervisor-proc-exit-listener (terminated by SIGTERM)
/usr/local/lib/python3.7/dist-packages/supervisor/options.py:474: UserWarning: Supervisord is running as root and it is searching for its configuration file in default locations (including its current working directory); you probably want to specify a "-c" argument specifying an absolute path to a configuration file for improved security.
  'Supervisord is running as root and it is searching '
2022-06-01 05:23:52,198 INFO Included extra file "/etc/supervisor/conf.d/arp_update.conf" during parsing
2022-06-01 05:23:52,199 INFO Included extra file "/etc/supervisor/conf.d/ndppd.conf" during parsing
2022-06-01 05:23:52,199 INFO Included extra file "/etc/supervisor/conf.d/supervisord.conf" during parsing
2022-06-01 05:23:52,199 INFO Set uid to user 0 succeeded
2022-06-01 05:23:52,210 INFO RPC interface 'supervisor' initialized
2022-06-01 05:23:52,211 CRIT Server 'unix_http_server' running without any HTTP authentication checking
2022-06-01 05:23:52,211 INFO supervisord started with pid 1
2022-06-01 05:23:53,215 INFO spawned: 'dependent-startup' with pid 26
2022-06-01 05:23:53,220 INFO spawned: 'supervisor-proc-exit-listener' with pid 27
2022-06-01 05:23:54,248 INFO success: dependent-startup entered RUNNING state, process has stayed up for > than 1 seconds (startsecs)
2022-06-01 05:23:54,249 INFO success: supervisor-proc-exit-listener entered RUNNING state, process has stayed up for > than 1 seconds (startsecs)
2022-06-01 05:23:54,661 INFO spawned: 'rsyslogd' with pid 30
2022-06-01 05:23:55,661 INFO success: rsyslogd entered RUNNING state, process has stayed up for > than 1 seconds (startsecs)
2022-06-01 05:23:55,841 INFO spawned: 'gearsyncd' with pid 34
2022-06-01 05:23:55,843 INFO success: gearsyncd entered RUNNING state, process has stayed up for > than 0 seconds (startsecs)
2022-06-01 05:23:55,872 INFO spawned: 'portsyncd' with pid 35
2022-06-01 05:23:55,971 INFO exited: gearsyncd (exit status 0; expected)
2022-06-01 05:23:57,862 INFO success: portsyncd entered RUNNING state, process has stayed up for > than 1 seconds (startsecs)
2022-06-01 05:23:59,273 INFO spawned: 'orchagent' with pid 42
2022-06-01 05:24:00,606 INFO success: orchagent entered RUNNING state, process has stayed up for > than 1 seconds (startsecs)
2022-06-01 05:24:01,762 INFO spawned: 'swssconfig' with pid 63
2022-06-01 05:24:01,764 INFO success: swssconfig entered RUNNING state, process has stayed up for > than 0 seconds (startsecs)
2022-06-01 05:24:01,781 INFO spawned: 'coppmgrd' with pid 64
2022-06-01 05:24:01,794 INFO success: coppmgrd entered RUNNING state, process has stayed up for > than 0 seconds (startsecs)
2022-06-01 05:24:06,610 INFO exited: swssconfig (exit status 0; expected)
2022-06-01 05:24:07,728 INFO spawned: 'restore_neighbors' with pid 79
2022-06-01 05:24:07,730 INFO success: restore_neighbors entered RUNNING state, process has stayed up for > than 0 seconds (startsecs)
2022-06-01 05:24:07,742 INFO spawned: 'arp_update' with pid 80
2022-06-01 05:24:07,754 INFO spawned: 'neighsyncd' with pid 81
2022-06-01 05:24:07,767 INFO spawned: 'fdbmgrd' with pid 83
2022-06-01 05:24:07,780 INFO spawned: 'vlanmgrd' with pid 85
2022-06-01 05:24:07,806 INFO spawned: 'intfmgrd' with pid 87
2022-06-01 05:24:07,830 INFO spawned: 'portmgrd' with pid 88
2022-06-01 05:24:07,845 INFO spawned: 'buffermgrd' with pid 90
2022-06-01 05:24:07,882 INFO spawned: 'enable_counters' with pid 93
2022-06-01 05:24:07,899 INFO spawned: 'vrfmgrd' with pid 97
2022-06-01 05:24:07,934 INFO spawned: 'nbrmgrd' with pid 101
2022-06-01 05:24:07,999 INFO spawned: 'vxlanmgrd' with pid 110
2022-06-01 05:24:08,049 INFO spawned: 'fdbsyncd' with pid 116
2022-06-01 05:24:08,101 INFO spawned: 'tunnelmgrd' with pid 129
2022-06-01 05:24:08,743 INFO success: arp_update entered RUNNING state, process has stayed up for > than 1 seconds (startsecs)
2022-06-01 05:24:08,752 INFO success: neighsyncd entered RUNNING state, process has stayed up for > than 1 seconds (startsecs)
2022-06-01 05:24:08,765 INFO success: fdbmgrd entered RUNNING state, process has stayed up for > than 1 seconds (startsecs)
2022-06-01 05:24:08,784 INFO success: vlanmgrd entered RUNNING state, process has stayed up for > than 1 seconds (startsecs)
2022-06-01 05:24:08,799 INFO success: intfmgrd entered RUNNING state, process has stayed up for > than 1 seconds (startsecs)
2022-06-01 05:24:08,820 INFO success: portmgrd entered RUNNING state, process has stayed up for > than 1 seconds (startsecs)
2022-06-01 05:24:08,851 INFO success: buffermgrd entered RUNNING state, process has stayed up for > than 1 seconds (startsecs)
2022-06-01 05:24:08,872 INFO success: enable_counters entered RUNNING state, process has stayed up for > than 1 seconds (startsecs)
2022-06-01 05:24:08,908 INFO success: vrfmgrd entered RUNNING state, process has stayed up for > than 1 seconds (startsecs)
2022-06-01 05:24:08,933 INFO success: nbrmgrd entered RUNNING state, process has stayed up for > than 1 seconds (startsecs)
2022-06-01 05:24:08,988 INFO success: vxlanmgrd entered RUNNING state, process has stayed up for > than 1 seconds (startsecs)
2022-06-01 05:24:09,051 INFO success: fdbsyncd entered RUNNING state, process has stayed up for > than 1 seconds (startsecs)
2022-06-01 05:24:09,105 INFO success: tunnelmgrd entered RUNNING state, process has stayed up for > than 1 seconds (startsecs)
2022-06-01 05:24:09,840 INFO exited: restore_neighbors (exit status 0; expected)
2022-06-01 05:24:11,196 INFO spawned: 'ndppd' with pid 179
2022-06-01 05:24:12,200 INFO success: ndppd entered RUNNING state, process has stayed up for > than 1 seconds (startsecs)
2022-06-01 05:24:14,697 INFO exited: dependent-startup (exit status 0; expected)
2022-06-01 05:27:08,498 INFO exited: enable_counters (exit status 0; expected)
/usr/local/lib/python3.7/dist-packages/supervisor/options.py:474: UserWarning: Supervisord is running as root and it is searching for its configuration file in default locations (including its current working directory); you probably want to specify a "-c" argument specifying an absolute path to a configuration file for improved security.
  'Supervisord is running as root and it is searching '
2022-06-30 11:47:21,438 INFO Included extra file "/etc/supervisor/conf.d/arp_update.conf" during parsing
2022-06-30 11:47:21,439 INFO Included extra file "/etc/supervisor/conf.d/ndppd.conf" during parsing
2022-06-30 11:47:21,439 INFO Included extra file "/etc/supervisor/conf.d/supervisord.conf" during parsing
2022-06-30 11:47:21,440 INFO Set uid to user 0 succeeded
Unlinking stale socket /var/run/supervisor.sock
2022-06-30 11:47:21,753 INFO RPC interface 'supervisor' initialized
2022-06-30 11:47:21,753 CRIT Server 'unix_http_server' running without any HTTP authentication checking
2022-06-30 11:47:21,754 INFO supervisord started with pid 1
2022-06-30 11:47:22,760 INFO spawned: 'dependent-startup' with pid 27
2022-06-30 11:47:22,765 INFO spawned: 'supervisor-proc-exit-listener' with pid 28
2022-06-30 11:47:23,930 INFO success: dependent-startup entered RUNNING state, process has stayed up for > than 1 seconds (startsecs)
2022-06-30 11:47:23,930 INFO success: supervisor-proc-exit-listener entered RUNNING state, process has stayed up for > than 1 seconds (startsecs)
2022-06-30 11:47:24,351 INFO spawned: 'rsyslogd' with pid 31
2022-06-30 11:47:25,922 INFO success: rsyslogd entered RUNNING state, process has stayed up for > than 1 seconds (startsecs)
2022-06-30 11:47:27,322 INFO spawned: 'gearsyncd' with pid 35
2022-06-30 11:47:27,323 INFO success: gearsyncd entered RUNNING state, process has stayed up for > than 0 seconds (startsecs)
2022-06-30 11:47:27,389 INFO spawned: 'portsyncd' with pid 36
2022-06-30 11:47:27,540 INFO exited: gearsyncd (exit status 0; expected)
2022-06-30 11:47:27,879 INFO spawned: 'gearsyncd' with pid 43
2022-06-30 11:47:27,881 INFO success: gearsyncd entered RUNNING state, process has stayed up for > than 0 seconds (startsecs)
2022-06-30 11:47:28,391 INFO success: portsyncd entered RUNNING state, process has stayed up for > than 1 seconds (startsecs)
2022-06-30 11:47:28,664 INFO spawned: 'orchagent' with pid 45
2022-06-30 11:47:28,973 INFO exited: gearsyncd (exit status 0; expected)
2022-06-30 11:47:29,974 INFO success: orchagent entered RUNNING state, process has stayed up for > than 1 seconds (startsecs)
2022-06-30 11:47:30,169 INFO spawned: 'swssconfig' with pid 66
2022-06-30 11:47:30,171 INFO success: swssconfig entered RUNNING state, process has stayed up for > than 0 seconds (startsecs)
2022-06-30 11:47:30,181 INFO spawned: 'coppmgrd' with pid 67
2022-06-30 11:47:30,183 INFO success: coppmgrd entered RUNNING state, process has stayed up for > than 0 seconds (startsecs)
2022-06-30 11:47:34,690 INFO exited: swssconfig (exit status 0; expected)
2022-06-30 11:47:35,794 INFO spawned: 'restore_neighbors' with pid 82
2022-06-30 11:47:35,796 INFO success: restore_neighbors entered RUNNING state, process has stayed up for > than 0 seconds (startsecs)
2022-06-30 11:47:35,808 INFO spawned: 'arp_update' with pid 83
2022-06-30 11:47:35,820 INFO spawned: 'neighsyncd' with pid 84
2022-06-30 11:47:35,833 INFO spawned: 'fdbmgrd' with pid 86
2022-06-30 11:47:35,845 INFO spawned: 'vlanmgrd' with pid 87
2022-06-30 11:47:35,878 INFO spawned: 'intfmgrd' with pid 90
2022-06-30 11:47:35,906 INFO spawned: 'portmgrd' with pid 92
2022-06-30 11:47:35,921 INFO spawned: 'buffermgrd' with pid 93
2022-06-30 11:47:35,969 INFO spawned: 'enable_counters' with pid 94
2022-06-30 11:47:36,010 INFO spawned: 'vrfmgrd' with pid 97
2022-06-30 11:47:36,045 INFO spawned: 'nbrmgrd' with pid 101
2022-06-30 11:47:36,130 INFO spawned: 'vxlanmgrd' with pid 106
2022-06-30 11:47:36,179 INFO spawned: 'fdbsyncd' with pid 112
2022-06-30 11:47:36,218 INFO spawned: 'tunnelmgrd' with pid 117
2022-06-30 11:47:36,808 INFO success: arp_update entered RUNNING state, process has stayed up for > than 1 seconds (startsecs)
2022-06-30 11:47:36,818 INFO success: neighsyncd entered RUNNING state, process has stayed up for > than 1 seconds (startsecs)
2022-06-30 11:47:36,831 INFO success: fdbmgrd entered RUNNING state, process has stayed up for > than 1 seconds (startsecs)
2022-06-30 11:47:36,845 INFO success: vlanmgrd entered RUNNING state, process has stayed up for > than 1 seconds (startsecs)
2022-06-30 11:47:36,858 INFO success: intfmgrd entered RUNNING state, process has stayed up for > than 1 seconds (startsecs)
2022-06-30 11:47:36,906 INFO success: portmgrd entered RUNNING state, process has stayed up for > than 1 seconds (startsecs)
2022-06-30 11:47:36,924 INFO success: buffermgrd entered RUNNING state, process has stayed up for > than 1 seconds (startsecs)
2022-06-30 11:47:36,956 INFO success: enable_counters entered RUNNING state, process has stayed up for > than 1 seconds (startsecs)
2022-06-30 11:47:37,011 INFO success: vrfmgrd entered RUNNING state, process has stayed up for > than 1 seconds (startsecs)
2022-06-30 11:47:37,048 INFO success: nbrmgrd entered RUNNING state, process has stayed up for > than 1 seconds (startsecs)
2022-06-30 11:47:37,120 INFO success: vxlanmgrd entered RUNNING state, process has stayed up for > than 1 seconds (startsecs)
2022-06-30 11:47:37,184 INFO success: fdbsyncd entered RUNNING state, process has stayed up for > than 1 seconds (startsecs)
2022-06-30 11:47:37,219 INFO success: tunnelmgrd entered RUNNING state, process has stayed up for > than 1 seconds (startsecs)
2022-06-30 11:47:37,921 INFO exited: restore_neighbors (exit status 0; expected)
2022-06-30 11:47:38,848 INFO spawned: 'ndppd' with pid 182
2022-06-30 11:47:39,848 INFO success: ndppd entered RUNNING state, process has stayed up for > than 1 seconds (startsecs)
2022-06-30 11:47:42,300 INFO exited: dependent-startup (exit status 0; expected)
2022-06-30 11:50:36,374 INFO exited: enable_counters (exit status 0; expected)
/usr/local/lib/python3.7/dist-packages/supervisor/options.py:474: UserWarning: Supervisord is running as root and it is searching for its configuration file in default locations (including its current working directory); you probably want to specify a "-c" argument specifying an absolute path to a configuration file for improved security.
  'Supervisord is running as root and it is searching '
2022-07-05 07:06:24,850 INFO Included extra file "/etc/supervisor/conf.d/arp_update.conf" during parsing
2022-07-05 07:06:24,850 INFO Included extra file "/etc/supervisor/conf.d/ndppd.conf" during parsing
2022-07-05 07:06:24,851 INFO Included extra file "/etc/supervisor/conf.d/supervisord.conf" during parsing
2022-07-05 07:06:24,851 INFO Set uid to user 0 succeeded
Unlinking stale socket /var/run/supervisor.sock
2022-07-05 07:06:25,163 INFO RPC interface 'supervisor' initialized
2022-07-05 07:06:25,163 CRIT Server 'unix_http_server' running without any HTTP authentication checking
2022-07-05 07:06:25,164 INFO supervisord started with pid 1
2022-07-05 07:06:26,172 INFO spawned: 'dependent-startup' with pid 27
2022-07-05 07:06:26,176 INFO spawned: 'supervisor-proc-exit-listener' with pid 28
2022-07-05 07:06:27,247 INFO success: dependent-startup entered RUNNING state, process has stayed up for > than 1 seconds (startsecs)
2022-07-05 07:06:27,247 INFO success: supervisor-proc-exit-listener entered RUNNING state, process has stayed up for > than 1 seconds (startsecs)
2022-07-05 07:06:27,589 INFO spawned: 'rsyslogd' with pid 31
2022-07-05 07:06:28,595 INFO success: rsyslogd entered RUNNING state, process has stayed up for > than 1 seconds (startsecs)
2022-07-05 07:06:29,252 INFO spawned: 'gearsyncd' with pid 35
2022-07-05 07:06:29,254 INFO success: gearsyncd entered RUNNING state, process has stayed up for > than 0 seconds (startsecs)
2022-07-05 07:06:29,282 INFO spawned: 'portsyncd' with pid 36
2022-07-05 07:06:29,360 INFO exited: gearsyncd (exit status 0; expected)
2022-07-05 07:06:29,629 INFO spawned: 'gearsyncd' with pid 43
2022-07-05 07:06:29,632 INFO success: gearsyncd entered RUNNING state, process has stayed up for > than 0 seconds (startsecs)
2022-07-05 07:06:30,301 INFO success: portsyncd entered RUNNING state, process has stayed up for > than 1 seconds (startsecs)
2022-07-05 07:06:30,752 INFO exited: gearsyncd (exit status 0; expected)
2022-07-05 07:06:31,365 INFO spawned: 'orchagent' with pid 45
2022-07-05 07:06:32,374 INFO success: orchagent entered RUNNING state, process has stayed up for > than 1 seconds (startsecs)
2022-07-05 07:06:33,217 INFO spawned: 'swssconfig' with pid 47
2022-07-05 07:06:33,221 INFO success: swssconfig entered RUNNING state, process has stayed up for > than 0 seconds (startsecs)
2022-07-05 07:06:33,246 INFO spawned: 'coppmgrd' with pid 48
2022-07-05 07:06:33,247 INFO success: coppmgrd entered RUNNING state, process has stayed up for > than 0 seconds (startsecs)
2022-07-05 07:06:38,684 INFO exited: swssconfig (exit status 0; expected)
2022-07-05 07:06:40,098 INFO spawned: 'restore_neighbors' with pid 82
2022-07-05 07:06:40,099 INFO success: restore_neighbors entered RUNNING state, process has stayed up for > than 0 seconds (startsecs)
2022-07-05 07:06:40,112 INFO spawned: 'arp_update' with pid 83
2022-07-05 07:06:40,125 INFO spawned: 'neighsyncd' with pid 84
2022-07-05 07:06:40,139 INFO spawned: 'fdbmgrd' with pid 85
2022-07-05 07:06:40,152 INFO spawned: 'vlanmgrd' with pid 86
2022-07-05 07:06:40,184 INFO spawned: 'intfmgrd' with pid 88
2022-07-05 07:06:40,205 INFO spawned: 'portmgrd' with pid 89
2022-07-05 07:06:40,223 INFO spawned: 'buffermgrd' with pid 90
2022-07-05 07:06:40,266 INFO spawned: 'enable_counters' with pid 94
2022-07-05 07:06:40,279 INFO spawned: 'vrfmgrd' with pid 95
2022-07-05 07:06:40,326 INFO spawned: 'nbrmgrd' with pid 100
2022-07-05 07:06:40,360 INFO spawned: 'vxlanmgrd' with pid 104
2022-07-05 07:06:40,593 INFO spawned: 'fdbsyncd' with pid 135
2022-07-05 07:06:40,639 INFO spawned: 'tunnelmgrd' with pid 138
2022-07-05 07:06:41,110 INFO success: arp_update entered RUNNING state, process has stayed up for > than 1 seconds (startsecs)
2022-07-05 07:06:41,123 INFO success: neighsyncd entered RUNNING state, process has stayed up for > than 1 seconds (startsecs)
2022-07-05 07:06:41,137 INFO success: fdbmgrd entered RUNNING state, process has stayed up for > than 1 seconds (startsecs)
2022-07-05 07:06:41,150 INFO success: vlanmgrd entered RUNNING state, process has stayed up for > than 1 seconds (startsecs)
2022-07-05 07:06:41,183 INFO success: intfmgrd entered RUNNING state, process has stayed up for > than 1 seconds (startsecs)
2022-07-05 07:06:41,203 INFO success: portmgrd entered RUNNING state, process has stayed up for > than 1 seconds (startsecs)
2022-07-05 07:06:41,219 INFO success: buffermgrd entered RUNNING state, process has stayed up for > than 1 seconds (startsecs)
2022-07-05 07:06:41,265 INFO success: enable_counters entered RUNNING state, process has stayed up for > than 1 seconds (startsecs)
2022-07-05 07:06:41,278 INFO success: vrfmgrd entered RUNNING state, process has stayed up for > than 1 seconds (startsecs)
2022-07-05 07:06:41,326 INFO success: nbrmgrd entered RUNNING state, process has stayed up for > than 1 seconds (startsecs)
2022-07-05 07:06:41,363 INFO success: vxlanmgrd entered RUNNING state, process has stayed up for > than 1 seconds (startsecs)
2022-07-05 07:06:41,598 INFO success: fdbsyncd entered RUNNING state, process has stayed up for > than 1 seconds (startsecs)
2022-07-05 07:06:41,631 INFO success: tunnelmgrd entered RUNNING state, process has stayed up for > than 1 seconds (startsecs)
2022-07-05 07:06:42,677 INFO exited: restore_neighbors (exit status 0; expected)
2022-07-05 07:06:43,108 INFO spawned: 'ndppd' with pid 182
2022-07-05 07:06:44,107 INFO success: ndppd entered RUNNING state, process has stayed up for > than 1 seconds (startsecs)
2022-07-05 07:06:44,901 INFO exited: dependent-startup (exit status 0; expected)
2022-07-05 07:09:40,814 INFO exited: enable_counters (exit status 0; expected)
/usr/local/lib/python3.7/dist-packages/supervisor/options.py:474: UserWarning: Supervisord is running as root and it is searching for its configuration file in default locations (including its current working directory); you probably want to specify a "-c" argument specifying an absolute path to a configuration file for improved security.
  'Supervisord is running as root and it is searching '
2022-07-21 02:30:28,834 INFO Included extra file "/etc/supervisor/conf.d/arp_update.conf" during parsing
2022-07-21 02:30:28,836 INFO Included extra file "/etc/supervisor/conf.d/ndppd.conf" during parsing
2022-07-21 02:30:28,836 INFO Included extra file "/etc/supervisor/conf.d/supervisord.conf" during parsing
2022-07-21 02:30:28,837 INFO Set uid to user 0 succeeded
Unlinking stale socket /var/run/supervisor.sock
2022-07-21 02:30:29,162 INFO RPC interface 'supervisor' initialized
2022-07-21 02:30:29,165 CRIT Server 'unix_http_server' running without any HTTP authentication checking
2022-07-21 02:30:29,168 INFO supervisord started with pid 1
2022-07-21 02:30:30,172 INFO spawned: 'dependent-startup' with pid 27
2022-07-21 02:30:30,176 INFO spawned: 'supervisor-proc-exit-listener' with pid 28
2022-07-21 02:30:31,221 INFO success: dependent-startup entered RUNNING state, process has stayed up for > than 1 seconds (startsecs)
2022-07-21 02:30:31,222 INFO success: supervisor-proc-exit-listener entered RUNNING state, process has stayed up for > than 1 seconds (startsecs)
2022-07-21 02:30:31,669 INFO spawned: 'rsyslogd' with pid 31
2022-07-21 02:30:32,667 INFO success: rsyslogd entered RUNNING state, process has stayed up for > than 1 seconds (startsecs)
2022-07-21 02:30:33,200 INFO spawned: 'gearsyncd' with pid 35
2022-07-21 02:30:33,201 INFO success: gearsyncd entered RUNNING state, process has stayed up for > than 0 seconds (startsecs)
2022-07-21 02:30:33,222 INFO spawned: 'portsyncd' with pid 36
2022-07-21 02:30:33,279 INFO exited: gearsyncd (exit status 0; expected)
2022-07-21 02:30:33,439 INFO spawned: 'gearsyncd' with pid 43
2022-07-21 02:30:33,442 INFO success: gearsyncd entered RUNNING state, process has stayed up for > than 0 seconds (startsecs)
2022-07-21 02:30:34,222 INFO success: portsyncd entered RUNNING state, process has stayed up for > than 1 seconds (startsecs)
2022-07-21 02:30:34,481 INFO spawned: 'orchagent' with pid 45
2022-07-21 02:30:34,488 INFO exited: gearsyncd (exit status 0; expected)
2022-07-21 02:30:35,922 INFO success: orchagent entered RUNNING state, process has stayed up for > than 1 seconds (startsecs)
2022-07-21 02:30:37,049 INFO spawned: 'swssconfig' with pid 66
2022-07-21 02:30:37,050 INFO success: swssconfig entered RUNNING state, process has stayed up for > than 0 seconds (startsecs)
2022-07-21 02:30:37,063 INFO spawned: 'coppmgrd' with pid 67
2022-07-21 02:30:37,064 INFO success: coppmgrd entered RUNNING state, process has stayed up for > than 0 seconds (startsecs)
2022-07-21 02:30:41,646 INFO exited: swssconfig (exit status 0; expected)
2022-07-21 02:30:44,187 INFO spawned: 'restore_neighbors' with pid 82
2022-07-21 02:30:44,188 INFO success: restore_neighbors entered RUNNING state, process has stayed up for > than 0 seconds (startsecs)
2022-07-21 02:30:44,233 INFO spawned: 'arp_update' with pid 83
2022-07-21 02:30:44,246 INFO spawned: 'neighsyncd' with pid 84
2022-07-21 02:30:44,261 INFO spawned: 'fdbmgrd' with pid 86
2022-07-21 02:30:44,286 INFO spawned: 'vlanmgrd' with pid 88
2022-07-21 02:30:44,310 INFO spawned: 'intfmgrd' with pid 91
2022-07-21 02:30:44,335 INFO spawned: 'portmgrd' with pid 92
2022-07-21 02:30:44,369 INFO spawned: 'buffermgrd' with pid 95
2022-07-21 02:30:44,419 INFO spawned: 'enable_counters' with pid 102
2022-07-21 02:30:44,456 INFO spawned: 'vrfmgrd' with pid 109
2022-07-21 02:30:44,547 INFO spawned: 'nbrmgrd' with pid 117
2022-07-21 02:30:44,620 INFO spawned: 'vxlanmgrd' with pid 135
2022-07-21 02:30:44,638 INFO spawned: 'fdbsyncd' with pid 137
2022-07-21 02:30:44,667 INFO spawned: 'tunnelmgrd' with pid 139
2022-07-21 02:30:45,235 INFO success: arp_update entered RUNNING state, process has stayed up for > than 1 seconds (startsecs)
2022-07-21 02:30:45,244 INFO success: neighsyncd entered RUNNING state, process has stayed up for > than 1 seconds (startsecs)
2022-07-21 02:30:45,269 INFO success: fdbmgrd entered RUNNING state, process has stayed up for > than 1 seconds (startsecs)
2022-07-21 02:30:45,286 INFO success: vlanmgrd entered RUNNING state, process has stayed up for > than 1 seconds (startsecs)
2022-07-21 02:30:45,307 INFO success: intfmgrd entered RUNNING state, process has stayed up for > than 1 seconds (startsecs)
2022-07-21 02:30:45,333 INFO success: portmgrd entered RUNNING state, process has stayed up for > than 1 seconds (startsecs)
2022-07-21 02:30:45,358 INFO success: buffermgrd entered RUNNING state, process has stayed up for > than 1 seconds (startsecs)
2022-07-21 02:30:45,427 INFO success: enable_counters entered RUNNING state, process has stayed up for > than 1 seconds (startsecs)
2022-07-21 02:30:45,449 INFO success: vrfmgrd entered RUNNING state, process has stayed up for > than 1 seconds (startsecs)
2022-07-21 02:30:45,529 INFO success: nbrmgrd entered RUNNING state, process has stayed up for > than 1 seconds (startsecs)
2022-07-21 02:30:45,618 INFO success: vxlanmgrd entered RUNNING state, process has stayed up for > than 1 seconds (startsecs)
2022-07-21 02:30:45,636 INFO success: fdbsyncd entered RUNNING state, process has stayed up for > than 1 seconds (startsecs)
2022-07-21 02:30:45,653 INFO success: tunnelmgrd entered RUNNING state, process has stayed up for > than 1 seconds (startsecs)
2022-07-21 02:30:46,069 INFO exited: restore_neighbors (exit status 0; expected)
2022-07-21 02:30:47,092 INFO spawned: 'ndppd' with pid 182
2022-07-21 02:30:48,091 INFO success: ndppd entered RUNNING state, process has stayed up for > than 1 seconds (startsecs)
2022-07-21 02:30:48,907 INFO exited: dependent-startup (exit status 0; expected)
2022-07-21 02:33:44,798 INFO exited: enable_counters (exit status 0; expected)
