/usr/local/lib/python3.7/dist-packages/supervisor/options.py:474: UserWarning: Supervisord is running as root and it is searching for its configuration file in default locations (including its current working directory); you probably want to specify a "-c" argument specifying an absolute path to a configuration file for improved security.
  'Supervisord is running as root and it is searching '
2022-05-17 09:28:07,804 INFO Included extra file "/etc/supervisor/conf.d/supervisord.conf" during parsing
2022-05-17 09:28:07,804 INFO Set uid to user 0 succeeded
2022-05-17 09:28:07,813 INFO RPC interface 'supervisor' initialized
2022-05-17 09:28:07,813 CRIT Server 'unix_http_server' running without any HTTP authentication checking
2022-05-17 09:28:07,814 INFO supervisord started with pid 1
2022-05-17 09:28:08,817 INFO spawned: 'dependent-startup' with pid 27
2022-05-17 09:28:08,821 INFO spawned: 'supervisor-proc-exit-listener' with pid 28
2022-05-17 09:28:10,385 INFO success: dependent-startup entered RUNNING state, process has stayed up for > than 1 seconds (startsecs)
2022-05-17 09:28:10,385 INFO success: supervisor-proc-exit-listener entered RUNNING state, process has stayed up for > than 1 seconds (startsecs)
2022-05-17 09:28:10,401 INFO spawned: 'rsyslogd' with pid 31
2022-05-17 09:28:10,402 INFO success: rsyslogd entered RUNNING state, process has stayed up for > than 0 seconds (startsecs)
2022-05-17 09:28:10,605 INFO spawned: 'zebra' with pid 35
2022-05-17 09:28:10,606 INFO success: zebra entered RUNNING state, process has stayed up for > than 0 seconds (startsecs)
2022-05-17 09:28:10,687 INFO spawned: 'zsocket' with pid 36
2022-05-17 09:28:10,689 INFO success: zsocket entered RUNNING state, process has stayed up for > than 0 seconds (startsecs)
2022-05-17 09:28:10,836 INFO exited: zsocket (exit status 0; expected)
2022-05-17 09:28:11,887 INFO spawned: 'staticd' with pid 49
2022-05-17 09:28:11,890 INFO success: staticd entered RUNNING state, process has stayed up for > than 0 seconds (startsecs)
2022-05-17 09:28:11,902 INFO spawned: 'bgpd' with pid 50
2022-05-17 09:28:11,903 INFO success: bgpd entered RUNNING state, process has stayed up for > than 0 seconds (startsecs)
2022-05-17 09:28:12,134 INFO spawned: 'bgpcfgd' with pid 57
2022-05-17 09:28:12,135 INFO success: bgpcfgd entered RUNNING state, process has stayed up for > than 0 seconds (startsecs)
2022-05-17 09:28:12,147 INFO spawned: 'bgpmon' with pid 58
2022-05-17 09:28:12,148 INFO success: bgpmon entered RUNNING state, process has stayed up for > than 0 seconds (startsecs)
2022-05-17 09:28:12,162 INFO spawned: 'fpmsyncd' with pid 59
2022-05-17 09:28:12,163 INFO success: fpmsyncd entered RUNNING state, process has stayed up for > than 0 seconds (startsecs)
2022-05-17 09:28:12,648 INFO exited: dependent-startup (exit status 0; expected)
2022-05-17 12:33:11,575 WARN received SIGTERM indicating exit request
2022-05-17 12:33:11,577 INFO waiting for supervisor-proc-exit-listener, rsyslogd, staticd, zebra, bgpd, bgpcfgd, bgpmon, fpmsyncd to die
2022-05-17 12:33:11,578 INFO stopped: fpmsyncd (terminated by SIGTERM)
2022-05-17 12:33:11,583 INFO stopped: bgpmon (terminated by SIGTERM)
2022-05-17 12:33:12,589 INFO stopped: bgpcfgd (exit status 0)
2022-05-17 12:33:12,595 INFO stopped: bgpd (terminated by SIGKILL)
2022-05-17 12:33:13,660 INFO stopped: zebra (exit status 0)
2022-05-17 12:33:13,677 INFO stopped: staticd (exit status 0)
2022-05-17 12:33:13,689 INFO stopped: rsyslogd (exit status 0)
2022-05-17 12:33:13,693 INFO stopped: supervisor-proc-exit-listener (terminated by SIGTERM)
/usr/local/lib/python3.7/dist-packages/supervisor/options.py:474: UserWarning: Supervisord is running as root and it is searching for its configuration file in default locations (including its current working directory); you probably want to specify a "-c" argument specifying an absolute path to a configuration file for improved security.
  'Supervisord is running as root and it is searching '
2022-05-17 12:34:22,635 INFO Included extra file "/etc/supervisor/conf.d/supervisord.conf" during parsing
2022-05-17 12:34:22,636 INFO Set uid to user 0 succeeded
2022-05-17 12:34:22,647 INFO RPC interface 'supervisor' initialized
2022-05-17 12:34:22,647 CRIT Server 'unix_http_server' running without any HTTP authentication checking
2022-05-17 12:34:22,648 INFO supervisord started with pid 1
2022-05-17 12:34:23,652 INFO spawned: 'dependent-startup' with pid 27
2022-05-17 12:34:23,656 INFO spawned: 'supervisor-proc-exit-listener' with pid 28
2022-05-17 12:34:25,231 INFO success: dependent-startup entered RUNNING state, process has stayed up for > than 1 seconds (startsecs)
2022-05-17 12:34:25,232 INFO success: supervisor-proc-exit-listener entered RUNNING state, process has stayed up for > than 1 seconds (startsecs)
2022-05-17 12:34:25,254 INFO spawned: 'rsyslogd' with pid 31
2022-05-17 12:34:25,255 INFO success: rsyslogd entered RUNNING state, process has stayed up for > than 0 seconds (startsecs)
2022-05-17 12:34:25,484 INFO spawned: 'zebra' with pid 35
2022-05-17 12:34:25,485 INFO success: zebra entered RUNNING state, process has stayed up for > than 0 seconds (startsecs)
2022-05-17 12:34:25,581 INFO spawned: 'zsocket' with pid 36
2022-05-17 12:34:25,583 INFO success: zsocket entered RUNNING state, process has stayed up for > than 0 seconds (startsecs)
2022-05-17 12:34:25,755 INFO exited: zsocket (exit status 0; expected)
2022-05-17 12:34:26,804 INFO spawned: 'staticd' with pid 49
2022-05-17 12:34:26,806 INFO success: staticd entered RUNNING state, process has stayed up for > than 0 seconds (startsecs)
2022-05-17 12:34:26,816 INFO spawned: 'bgpd' with pid 50
2022-05-17 12:34:26,817 INFO success: bgpd entered RUNNING state, process has stayed up for > than 0 seconds (startsecs)
2022-05-17 12:34:27,011 INFO spawned: 'bgpcfgd' with pid 52
2022-05-17 12:34:27,013 INFO success: bgpcfgd entered RUNNING state, process has stayed up for > than 0 seconds (startsecs)
2022-05-17 12:34:27,029 INFO spawned: 'bgpmon' with pid 53
2022-05-17 12:34:27,031 INFO success: bgpmon entered RUNNING state, process has stayed up for > than 0 seconds (startsecs)
2022-05-17 12:34:27,042 INFO spawned: 'fpmsyncd' with pid 57
2022-05-17 12:34:27,045 INFO success: fpmsyncd entered RUNNING state, process has stayed up for > than 0 seconds (startsecs)
2022-05-17 12:34:28,752 INFO exited: dependent-startup (exit status 0; expected)
/usr/local/lib/python3.7/dist-packages/supervisor/options.py:474: UserWarning: Supervisord is running as root and it is searching for its configuration file in default locations (including its current working directory); you probably want to specify a "-c" argument specifying an absolute path to a configuration file for improved security.
  'Supervisord is running as root and it is searching '
2022-05-30 08:29:30,602 INFO Included extra file "/etc/supervisor/conf.d/supervisord.conf" during parsing
2022-05-30 08:29:30,602 INFO Set uid to user 0 succeeded
Unlinking stale socket /var/run/supervisor.sock
2022-05-30 08:29:30,914 INFO RPC interface 'supervisor' initialized
2022-05-30 08:29:30,915 CRIT Server 'unix_http_server' running without any HTTP authentication checking
2022-05-30 08:29:30,915 INFO supervisord started with pid 1
2022-05-30 08:29:31,919 INFO spawned: 'dependent-startup' with pid 26
2022-05-30 08:29:31,923 INFO spawned: 'supervisor-proc-exit-listener' with pid 27
2022-05-30 08:29:33,429 INFO success: dependent-startup entered RUNNING state, process has stayed up for > than 1 seconds (startsecs)
2022-05-30 08:29:33,429 INFO success: supervisor-proc-exit-listener entered RUNNING state, process has stayed up for > than 1 seconds (startsecs)
2022-05-30 08:29:33,445 INFO spawned: 'rsyslogd' with pid 30
2022-05-30 08:29:33,447 INFO success: rsyslogd entered RUNNING state, process has stayed up for > than 0 seconds (startsecs)
2022-05-30 08:29:33,649 INFO spawned: 'zebra' with pid 34
2022-05-30 08:29:33,650 INFO success: zebra entered RUNNING state, process has stayed up for > than 0 seconds (startsecs)
2022-05-30 08:29:33,745 INFO spawned: 'zsocket' with pid 35
2022-05-30 08:29:33,747 INFO success: zsocket entered RUNNING state, process has stayed up for > than 0 seconds (startsecs)
2022-05-30 08:29:33,911 INFO exited: zsocket (exit status 0; expected)
2022-05-30 08:29:34,958 INFO spawned: 'staticd' with pid 48
2022-05-30 08:29:34,960 INFO success: staticd entered RUNNING state, process has stayed up for > than 0 seconds (startsecs)
2022-05-30 08:29:34,972 INFO spawned: 'bgpd' with pid 49
2022-05-30 08:29:34,974 INFO success: bgpd entered RUNNING state, process has stayed up for > than 0 seconds (startsecs)
2022-05-30 08:29:35,186 INFO spawned: 'bgpcfgd' with pid 56
2022-05-30 08:29:35,187 INFO success: bgpcfgd entered RUNNING state, process has stayed up for > than 0 seconds (startsecs)
2022-05-30 08:29:35,198 INFO spawned: 'bgpmon' with pid 57
2022-05-30 08:29:35,199 INFO success: bgpmon entered RUNNING state, process has stayed up for > than 0 seconds (startsecs)
2022-05-30 08:29:35,213 INFO spawned: 'fpmsyncd' with pid 58
2022-05-30 08:29:35,214 INFO success: fpmsyncd entered RUNNING state, process has stayed up for > than 0 seconds (startsecs)
2022-05-30 08:29:35,618 INFO exited: dependent-startup (exit status 0; expected)
2022-06-01 05:22:32,857 WARN received SIGTERM indicating exit request
2022-06-01 05:22:32,858 INFO waiting for supervisor-proc-exit-listener, rsyslogd, staticd, zebra, bgpd, bgpcfgd, bgpmon, fpmsyncd to die
2022-06-01 05:22:32,859 INFO stopped: fpmsyncd (terminated by SIGTERM)
2022-06-01 05:22:32,863 INFO stopped: bgpmon (terminated by SIGTERM)
2022-06-01 05:22:33,869 INFO stopped: bgpcfgd (exit status 0)
2022-06-01 05:22:33,875 INFO stopped: bgpd (terminated by SIGKILL)
2022-06-01 05:22:34,936 INFO stopped: zebra (exit status 0)
2022-06-01 05:22:34,953 INFO stopped: staticd (exit status 0)
2022-06-01 05:22:34,973 INFO stopped: rsyslogd (exit status 0)
2022-06-01 05:22:34,977 INFO stopped: supervisor-proc-exit-listener (terminated by SIGTERM)
/usr/local/lib/python3.7/dist-packages/supervisor/options.py:474: UserWarning: Supervisord is running as root and it is searching for its configuration file in default locations (including its current working directory); you probably want to specify a "-c" argument specifying an absolute path to a configuration file for improved security.
  'Supervisord is running as root and it is searching '
2022-06-01 05:23:46,008 INFO Included extra file "/etc/supervisor/conf.d/supervisord.conf" during parsing
2022-06-01 05:23:46,009 INFO Set uid to user 0 succeeded
2022-06-01 05:23:46,019 INFO RPC interface 'supervisor' initialized
2022-06-01 05:23:46,019 CRIT Server 'unix_http_server' running without any HTTP authentication checking
2022-06-01 05:23:46,020 INFO supervisord started with pid 1
2022-06-01 05:23:47,024 INFO spawned: 'dependent-startup' with pid 27
2022-06-01 05:23:47,029 INFO spawned: 'supervisor-proc-exit-listener' with pid 28
2022-06-01 05:23:48,568 INFO success: dependent-startup entered RUNNING state, process has stayed up for > than 1 seconds (startsecs)
2022-06-01 05:23:48,568 INFO success: supervisor-proc-exit-listener entered RUNNING state, process has stayed up for > than 1 seconds (startsecs)
2022-06-01 05:23:48,585 INFO spawned: 'rsyslogd' with pid 31
2022-06-01 05:23:48,586 INFO success: rsyslogd entered RUNNING state, process has stayed up for > than 0 seconds (startsecs)
2022-06-01 05:23:48,833 INFO spawned: 'zebra' with pid 35
2022-06-01 05:23:48,834 INFO success: zebra entered RUNNING state, process has stayed up for > than 0 seconds (startsecs)
2022-06-01 05:23:48,944 INFO spawned: 'zsocket' with pid 36
2022-06-01 05:23:48,946 INFO success: zsocket entered RUNNING state, process has stayed up for > than 0 seconds (startsecs)
2022-06-01 05:23:49,162 INFO exited: zsocket (exit status 0; expected)
2022-06-01 05:23:50,210 INFO spawned: 'staticd' with pid 49
2022-06-01 05:23:50,211 INFO success: staticd entered RUNNING state, process has stayed up for > than 0 seconds (startsecs)
2022-06-01 05:23:50,222 INFO spawned: 'bgpd' with pid 50
2022-06-01 05:23:50,223 INFO success: bgpd entered RUNNING state, process has stayed up for > than 0 seconds (startsecs)
2022-06-01 05:23:50,499 INFO spawned: 'bgpcfgd' with pid 52
2022-06-01 05:23:50,501 INFO success: bgpcfgd entered RUNNING state, process has stayed up for > than 0 seconds (startsecs)
2022-06-01 05:23:50,513 INFO spawned: 'bgpmon' with pid 53
2022-06-01 05:23:50,514 INFO success: bgpmon entered RUNNING state, process has stayed up for > than 0 seconds (startsecs)
2022-06-01 05:23:50,536 INFO spawned: 'fpmsyncd' with pid 54
2022-06-01 05:23:50,537 INFO success: fpmsyncd entered RUNNING state, process has stayed up for > than 0 seconds (startsecs)
2022-06-01 05:23:52,382 INFO exited: dependent-startup (exit status 0; expected)
/usr/local/lib/python3.7/dist-packages/supervisor/options.py:474: UserWarning: Supervisord is running as root and it is searching for its configuration file in default locations (including its current working directory); you probably want to specify a "-c" argument specifying an absolute path to a configuration file for improved security.
  'Supervisord is running as root and it is searching '
2022-06-30 11:47:11,676 INFO Included extra file "/etc/supervisor/conf.d/supervisord.conf" during parsing
2022-06-30 11:47:11,676 INFO Set uid to user 0 succeeded
Unlinking stale socket /var/run/supervisor.sock
2022-06-30 11:47:11,988 INFO RPC interface 'supervisor' initialized
2022-06-30 11:47:11,989 CRIT Server 'unix_http_server' running without any HTTP authentication checking
2022-06-30 11:47:11,990 INFO supervisord started with pid 1
2022-06-30 11:47:12,994 INFO spawned: 'dependent-startup' with pid 26
2022-06-30 11:47:12,997 INFO spawned: 'supervisor-proc-exit-listener' with pid 27
2022-06-30 11:47:14,506 INFO success: dependent-startup entered RUNNING state, process has stayed up for > than 1 seconds (startsecs)
2022-06-30 11:47:14,506 INFO success: supervisor-proc-exit-listener entered RUNNING state, process has stayed up for > than 1 seconds (startsecs)
2022-06-30 11:47:14,523 INFO spawned: 'rsyslogd' with pid 30
2022-06-30 11:47:14,525 INFO success: rsyslogd entered RUNNING state, process has stayed up for > than 0 seconds (startsecs)
2022-06-30 11:47:14,725 INFO spawned: 'zebra' with pid 34
2022-06-30 11:47:14,726 INFO success: zebra entered RUNNING state, process has stayed up for > than 0 seconds (startsecs)
2022-06-30 11:47:14,815 INFO spawned: 'zsocket' with pid 35
2022-06-30 11:47:14,817 INFO success: zsocket entered RUNNING state, process has stayed up for > than 0 seconds (startsecs)
2022-06-30 11:47:14,966 INFO exited: zsocket (exit status 0; expected)
2022-06-30 11:47:16,012 INFO spawned: 'staticd' with pid 48
2022-06-30 11:47:16,015 INFO success: staticd entered RUNNING state, process has stayed up for > than 0 seconds (startsecs)
2022-06-30 11:47:16,025 INFO spawned: 'bgpd' with pid 49
2022-06-30 11:47:16,027 INFO success: bgpd entered RUNNING state, process has stayed up for > than 0 seconds (startsecs)
2022-06-30 11:47:16,261 INFO spawned: 'bgpcfgd' with pid 56
2022-06-30 11:47:16,262 INFO success: bgpcfgd entered RUNNING state, process has stayed up for > than 0 seconds (startsecs)
2022-06-30 11:47:16,274 INFO spawned: 'bgpmon' with pid 57
2022-06-30 11:47:16,275 INFO success: bgpmon entered RUNNING state, process has stayed up for > than 0 seconds (startsecs)
2022-06-30 11:47:16,288 INFO spawned: 'fpmsyncd' with pid 58
2022-06-30 11:47:16,289 INFO success: fpmsyncd entered RUNNING state, process has stayed up for > than 0 seconds (startsecs)
2022-06-30 11:47:16,690 INFO exited: dependent-startup (exit status 0; expected)
/usr/local/lib/python3.7/dist-packages/supervisor/options.py:474: UserWarning: Supervisord is running as root and it is searching for its configuration file in default locations (including its current working directory); you probably want to specify a "-c" argument specifying an absolute path to a configuration file for improved security.
  'Supervisord is running as root and it is searching '
2022-07-05 07:06:17,060 INFO Included extra file "/etc/supervisor/conf.d/supervisord.conf" during parsing
2022-07-05 07:06:17,060 INFO Set uid to user 0 succeeded
Unlinking stale socket /var/run/supervisor.sock
2022-07-05 07:06:17,371 INFO RPC interface 'supervisor' initialized
2022-07-05 07:06:17,371 CRIT Server 'unix_http_server' running without any HTTP authentication checking
2022-07-05 07:06:17,372 INFO supervisord started with pid 1
2022-07-05 07:06:18,376 INFO spawned: 'dependent-startup' with pid 27
2022-07-05 07:06:18,380 INFO spawned: 'supervisor-proc-exit-listener' with pid 28
2022-07-05 07:06:19,919 INFO success: dependent-startup entered RUNNING state, process has stayed up for > than 1 seconds (startsecs)
2022-07-05 07:06:19,920 INFO success: supervisor-proc-exit-listener entered RUNNING state, process has stayed up for > than 1 seconds (startsecs)
2022-07-05 07:06:19,936 INFO spawned: 'rsyslogd' with pid 31
2022-07-05 07:06:19,937 INFO success: rsyslogd entered RUNNING state, process has stayed up for > than 0 seconds (startsecs)
2022-07-05 07:06:20,136 INFO spawned: 'zebra' with pid 35
2022-07-05 07:06:20,138 INFO success: zebra entered RUNNING state, process has stayed up for > than 0 seconds (startsecs)
2022-07-05 07:06:20,224 INFO spawned: 'zsocket' with pid 36
2022-07-05 07:06:20,225 INFO success: zsocket entered RUNNING state, process has stayed up for > than 0 seconds (startsecs)
2022-07-05 07:06:20,378 INFO exited: zsocket (exit status 0; expected)
2022-07-05 07:06:21,427 INFO spawned: 'staticd' with pid 49
2022-07-05 07:06:21,429 INFO success: staticd entered RUNNING state, process has stayed up for > than 0 seconds (startsecs)
2022-07-05 07:06:21,442 INFO spawned: 'bgpd' with pid 50
2022-07-05 07:06:21,444 INFO success: bgpd entered RUNNING state, process has stayed up for > than 0 seconds (startsecs)
2022-07-05 07:06:21,632 INFO spawned: 'bgpcfgd' with pid 52
2022-07-05 07:06:21,633 INFO success: bgpcfgd entered RUNNING state, process has stayed up for > than 0 seconds (startsecs)
2022-07-05 07:06:21,643 INFO spawned: 'bgpmon' with pid 53
2022-07-05 07:06:21,644 INFO success: bgpmon entered RUNNING state, process has stayed up for > than 0 seconds (startsecs)
2022-07-05 07:06:21,669 INFO spawned: 'fpmsyncd' with pid 54
2022-07-05 07:06:21,672 INFO success: fpmsyncd entered RUNNING state, process has stayed up for > than 0 seconds (startsecs)
2022-07-05 07:06:23,354 INFO exited: dependent-startup (exit status 0; expected)
/usr/local/lib/python3.7/dist-packages/supervisor/options.py:474: UserWarning: Supervisord is running as root and it is searching for its configuration file in default locations (including its current working directory); you probably want to specify a "-c" argument specifying an absolute path to a configuration file for improved security.
  'Supervisord is running as root and it is searching '
2022-07-21 02:30:19,252 INFO Included extra file "/etc/supervisor/conf.d/supervisord.conf" during parsing
2022-07-21 02:30:19,252 INFO Set uid to user 0 succeeded
Unlinking stale socket /var/run/supervisor.sock
2022-07-21 02:30:19,563 INFO RPC interface 'supervisor' initialized
2022-07-21 02:30:19,564 CRIT Server 'unix_http_server' running without any HTTP authentication checking
2022-07-21 02:30:19,565 INFO supervisord started with pid 1
2022-07-21 02:30:20,568 INFO spawned: 'dependent-startup' with pid 27
2022-07-21 02:30:20,572 INFO spawned: 'supervisor-proc-exit-listener' with pid 28
2022-07-21 02:30:22,082 INFO success: dependent-startup entered RUNNING state, process has stayed up for > than 1 seconds (startsecs)
2022-07-21 02:30:22,083 INFO success: supervisor-proc-exit-listener entered RUNNING state, process has stayed up for > than 1 seconds (startsecs)
2022-07-21 02:30:22,099 INFO spawned: 'rsyslogd' with pid 31
2022-07-21 02:30:22,101 INFO success: rsyslogd entered RUNNING state, process has stayed up for > than 0 seconds (startsecs)
2022-07-21 02:30:22,320 INFO spawned: 'zebra' with pid 35
2022-07-21 02:30:22,322 INFO success: zebra entered RUNNING state, process has stayed up for > than 0 seconds (startsecs)
2022-07-21 02:30:22,408 INFO spawned: 'zsocket' with pid 36
2022-07-21 02:30:22,410 INFO success: zsocket entered RUNNING state, process has stayed up for > than 0 seconds (startsecs)
2022-07-21 02:30:22,562 INFO exited: zsocket (exit status 0; expected)
2022-07-21 02:30:23,608 INFO spawned: 'staticd' with pid 49
2022-07-21 02:30:23,610 INFO success: staticd entered RUNNING state, process has stayed up for > than 0 seconds (startsecs)
2022-07-21 02:30:23,622 INFO spawned: 'bgpd' with pid 50
2022-07-21 02:30:23,623 INFO success: bgpd entered RUNNING state, process has stayed up for > than 0 seconds (startsecs)
2022-07-21 02:30:23,846 INFO spawned: 'bgpcfgd' with pid 57
2022-07-21 02:30:23,848 INFO success: bgpcfgd entered RUNNING state, process has stayed up for > than 0 seconds (startsecs)
2022-07-21 02:30:23,860 INFO spawned: 'bgpmon' with pid 58
2022-07-21 02:30:23,863 INFO success: bgpmon entered RUNNING state, process has stayed up for > than 0 seconds (startsecs)
2022-07-21 02:30:23,876 INFO spawned: 'fpmsyncd' with pid 59
2022-07-21 02:30:23,878 INFO success: fpmsyncd entered RUNNING state, process has stayed up for > than 0 seconds (startsecs)
2022-07-21 02:30:24,353 INFO exited: dependent-startup (exit status 0; expected)
